<?xml version="1.0" encoding="UTF-8"?>
<!-- Generated by org.testng.reporters.JUnitXMLReporter -->
<testsuite ignored="0" hostname="DESKTOP-LM7H92S" failures="1" tests="6" name="Test" time="925.049" errors="0" timestamp="2023-08-31T18:07:41 IST">
  <testcase classname="Tests.PCMBuyDetailPageBonusTest" name="PcBonusBuyDetailPage" time="129.086"/>
  <testcase classname="Tests.PCMBuyDetailPageCashTest" name="PcCashBuyDetailPage" time="108.989"/>
  <testcase classname="Tests.PCMSellDetailPageBonusTest" name="PcBonusSellDetailPage" time="89.227"/>
  <testcase classname="Tests.PCMSellDetailPageCashTest" name="PcCashSellDetailPage" time="86.762"/>
  <testcase classname="Tests.AddMoneyTest" name="Topup" time="286.822"/>
  <testcase classname="Tests.payoutTest" name="Withdraw" time="148.801">
    <failure type="java.lang.Exception" message="Withdraw failed,balance not matching withdrawAmount =0.0">
      <![CDATA[java.lang.Exception: Withdraw failed,balance not matching withdrawAmount =0.0
at PageObject.android.TopUpSPQ.Withdrawal(TopUpSPQ.java:383)
at Tests.payoutTest.Withdraw(payoutTest.java:30)
at java.base/java.util.ArrayList.forEach(ArrayList.java:1511)
... Removed 25 stack frames]]>
    </failure>
  </testcase> <!-- Withdraw -->
</testsuite> <!-- Test -->
