<?xml version="1.0" encoding="UTF-8"?>
<testsuite xmlns:xsi="http://www.w3.org/2001/XMLSchema-instance" xsi:noNamespaceSchemaLocation="https://maven.apache.org/surefire/maven-surefire-plugin/xsd/surefire-test-report.xsd" name="Tests.PCMBuyDetailPageTest" time="60.222" tests="3" errors="0" skipped="2" failures="1">
  <properties>
[...]
</properties>
  <testcase name="login" classname="Tests.PCMBuyDetailPageTest" time="60.117">
    <failure message="Expected condition failed: waiting for element to be clickable: Proxy element for: DefaultElementLocator &apos;By.xpath: //android.widget.Button[@text=&apos;Allow&apos;]&apos; (tried for 10 second(s) with 500 milliseconds interval)" type="org.openqa.selenium.TimeoutException">org.openqa.selenium.TimeoutException: Expected condition failed: waiting for element to be clickable: Proxy element for: DefaultElementLocator 'By.xpath: //android.widget.Button[@text='Allow']' (tried for 10 second(s) with 500 milliseconds interval)
	at Tests.PCMBuyDetailPageTest.login(PCMBuyDetailPageTest.java:38)
Caused by: org.openqa.selenium.NoSuchElementException: 
An element could not be located on the page using the given search parameters.
For documentation on this error, please visit: https://www.selenium.dev/documentation/webdriver/troubleshooting/errors#no-such-element-exception
Build info: version: '4.10.0', revision: 'c14d967899'
System info: os.name: 'Windows 10', os.arch: 'amd64', os.version: '10.0', java.version: '18.0.1.1'
Driver info: io.appium.java_client.android.AndroidDriver
Command: [e871b30530df26fd30434b080c2455f3166ee961, findElement {using=xpath, value=//android.widget.Button[@text='Allow']}]
Capabilities {appium:appActivity: com.sportiqoV2.MainActivity, appium:appPackage: com.sportiqoV2, appium:automationName: uiautomator2, appium:chromedriverPort: 18082, appium:chromedriverPorts: [[18122, 18132]], appium:databaseEnabled: false, appium:desired: {appActivity: com.sportiqoV2.MainActivity, appPackage: com.sportiqoV2, automationName: uiautomator2, bstack:options: {appiumVersion: 1.17.0, buildIdentifier: #14, hostName: DESKTOP-LM7H92S, localIdentifier: 31_Jul_914_DESKTOP_LM7H92S_...}, chromedriverPort: 18082, chromedriverPorts: [[18122, 18132]], deviceName: one plus 9rt, disableSuppressAccessibilityService: true, goog:chromeOptions: {}, nativeWebScreenshot: true, newCommandTimeout: 0, noReset: true, platformName: Android, skipServerInstallation: true, systemPort: 8202, udid: R5CT30ZT61M}, appium:deviceApiLevel: 31, appium:deviceManufacturer: samsung, appium:deviceModel: SM-S908E, appium:deviceName: R5CT30ZT61M, appium:deviceScreenDensity: 450, appium:deviceScreenSize: 1080x2316, appium:deviceUDID: R5CT30ZT61M, appium:disableSuppressAccessibilityService: true, appium:javascriptEnabled: true, appium:locationContextEnabled: false, appium:nativeWebScreenshot: true, appium:networkConnectionEnabled: true, appium:newCommandTimeout: 0, appium:noReset: true, appium:optimalHubUrl: hub-aps.browserstack.com, appium:pixelRatio: 2.8125, appium:platformVersion: 12, appium:skipServerInstallation: true, appium:statBarHeight: 75, appium:systemPort: 8202, appium:takesScreenshot: true, appium:udid: R5CT30ZT61M, appium:viewportRect: {height: 2031, left: 0, top: 75, width: 1080}, appium:warnings: {}, appium:webStorageEnabled: false, bstack:options: {appiumVersion: 1.17.0, buildIdentifier: #14, hostName: DESKTOP-LM7H92S, localIdentifier: 31_Jul_914_DESKTOP_LM7H92S_...}, goog:chromeOptions: {}, platformName: ANDROID}
Session ID: e871b30530df26fd30434b080c2455f3166ee961
	at Tests.PCMBuyDetailPageTest.login(PCMBuyDetailPageTest.java:38)
</failure>
    <system-out><![CDATA[==========driver Started===================
Proxy element for: DefaultElementLocator 'By.xpath: //android.widget.Button[@text='While using the app']' clicked
]]></system-out>
  </testcase>
  <testcase name="PcBuyDetailPage" classname="Tests.PCMBuyDetailPageTest" time="0">
    <skipped message="Expected condition failed: waiting for element to be clickable: Proxy element for: DefaultElementLocator &apos;By.xpath: //android.widget.Button[@text=&apos;Allow&apos;]&apos; (tried for 10 second(s) with 500 milliseconds interval)"/>
  </testcase>
  <testcase name="driverQuit" classname="Tests.PCMBuyDetailPageTest" time="0">
    <skipped/>
  </testcase>
</testsuite>