-------------------------------------------------------------------------------
Test set: TestSuite
-------------------------------------------------------------------------------
Tests run: 5, Failures: 3, Errors: 0, Skipped: 2, Time elapsed: 160.089 s <<< FAILURE! - in TestSuite
login(Tests.AddMoneyTest)  Time elapsed: 63.813 s  <<< FAILURE!
org.openqa.selenium.TimeoutException: Expected condition failed: waiting for element to be clickable: Proxy element for: DefaultElementLocator 'By.xpath: //android.widget.Button[@text='Allow']' (tried for 10 second(s) with 500 milliseconds interval)
	at Tests.AddMoneyTest.login(AddMoneyTest.java:37)
Caused by: org.openqa.selenium.NoSuchElementException: 
An element could not be located on the page using the given search parameters.
For documentation on this error, please visit: https://www.selenium.dev/documentation/webdriver/troubleshooting/errors#no-such-element-exception
Build info: version: '4.10.0', revision: 'c14d967899'
System info: os.name: 'Windows 10', os.arch: 'amd64', os.version: '10.0', java.version: '18.0.1.1'
Driver info: io.appium.java_client.android.AndroidDriver
Command: [299ba4654bbb940429f8b18d27bef1d370f8f8db, findElement {using=xpath, value=//android.widget.Button[@text='Allow']}]
Capabilities {appium:appActivity: com.sportiqoV2.MainActivity, appium:appPackage: com.sportiqoV2, appium:automationName: uiautomator2, appium:chromedriverExecutable: c:\chromedriver\chromedrive..., appium:chromedriverPort: 18083, appium:chromedriverPorts: [[18133, 18143]], appium:databaseEnabled: false, appium:desired: {appActivity: com.sportiqoV2.MainActivity, appPackage: com.sportiqoV2, automationName: uiautomator2, bstack:options: {appiumVersion: 1.17.0, buildIdentifier: #12, hostName: DESKTOP-LM7H92S, localIdentifier: 27_Jul_1920_DESKTOP_LM7H92S...}, chromedriverExecutable: c:\chromedriver\chromedrive..., chromedriverPort: 18083, chromedriverPorts: [[18133, 18143]], deviceName: one plus 9rt, disableSuppressAccessibilityService: true, goog:chromeOptions: {}, nativeWebScreenshot: true, newCommandTimeout: 0, noReset: true, platformName: Android, skipServerInstallation: true, systemPort: 8203, udid: R5CT238SA9L}, appium:deviceApiLevel: 31, appium:deviceManufacturer: samsung, appium:deviceModel: SM-S908E, appium:deviceName: R5CT238SA9L, appium:deviceScreenDensity: 450, appium:deviceScreenSize: 1080x2316, appium:deviceUDID: R5CT238SA9L, appium:disableSuppressAccessibilityService: true, appium:javascriptEnabled: true, appium:locationContextEnabled: false, appium:nativeWebScreenshot: true, appium:networkConnectionEnabled: true, appium:newCommandTimeout: 0, appium:noReset: true, appium:optimalHubUrl: hub-aps.browserstack.com, appium:pixelRatio: 2.8125, appium:platformVersion: 12, appium:skipServerInstallation: true, appium:statBarHeight: 75, appium:systemPort: 8203, appium:takesScreenshot: true, appium:udid: R5CT238SA9L, appium:viewportRect: {height: 2031, left: 0, top: 75, width: 1080}, appium:warnings: {}, appium:webStorageEnabled: false, bstack:options: {appiumVersion: 1.17.0, buildIdentifier: #12, hostName: DESKTOP-LM7H92S, localIdentifier: 27_Jul_1920_DESKTOP_LM7H92S...}, goog:chromeOptions: {}, platformName: ANDROID}
Session ID: 299ba4654bbb940429f8b18d27bef1d370f8f8db
	at Tests.AddMoneyTest.login(AddMoneyTest.java:37)

PcBuyDetailPage(Tests.PCMBuyDetailPageTest)  Time elapsed: 10.126 s  <<< FAILURE!
org.openqa.selenium.InvalidArgumentException: 
Coordinate [x=120.0, y=2150.0] is outside of element rect: [0,0][1080,2106]
Build info: version: '4.10.0', revision: 'c14d967899'
System info: os.name: 'Windows 10', os.arch: 'amd64', os.version: '10.0', java.version: '18.0.1.1'
Driver info: io.appium.java_client.android.AndroidDriver
Command: [7b7dc8f79d0bb73c4b98bc5070bad5a6f4f5f894, performTouchAction {actions=[{action=tap, options={x=120, y=2150}}]}]
Capabilities {appium:appActivity: com.sportiqoV2.MainActivity, appium:appPackage: com.sportiqoV2, appium:automationName: uiautomator2, appium:chromedriverPort: 18085, appium:chromedriverPorts: [[18155, 18165]], appium:databaseEnabled: false, appium:desired: {appActivity: com.sportiqoV2.MainActivity, appPackage: com.sportiqoV2, automationName: uiautomator2, bstack:options: {appiumVersion: 1.17.0, buildIdentifier: #12, hostName: DESKTOP-LM7H92S, localIdentifier: 27_Jul_1920_DESKTOP_LM7H92S...}, chromedriverPort: 18085, chromedriverPorts: [[18155, 18165]], deviceName: one plus 9rt, disableSuppressAccessibilityService: true, goog:chromeOptions: {}, nativeWebScreenshot: true, newCommandTimeout: 0, noReset: true, platformName: Android, skipServerInstallation: true, systemPort: 8205, udid: R5CT31AHM4K}, appium:deviceApiLevel: 31, appium:deviceManufacturer: samsung, appium:deviceModel: SM-S908E, appium:deviceName: R5CT31AHM4K, appium:deviceScreenDensity: 450, appium:deviceScreenSize: 1080x2316, appium:deviceUDID: R5CT31AHM4K, appium:disableSuppressAccessibilityService: true, appium:javascriptEnabled: true, appium:locationContextEnabled: false, appium:nativeWebScreenshot: true, appium:networkConnectionEnabled: true, appium:newCommandTimeout: 0, appium:noReset: true, appium:optimalHubUrl: hub-aps.browserstack.com, appium:pixelRatio: 2.8125, appium:platformVersion: 12, appium:skipServerInstallation: true, appium:statBarHeight: 75, appium:systemPort: 8205, appium:takesScreenshot: true, appium:udid: R5CT31AHM4K, appium:viewportRect: {height: 2031, left: 0, top: 75, width: 1080}, appium:warnings: {}, appium:webStorageEnabled: false, bstack:options: {appiumVersion: 1.17.0, buildIdentifier: #12, hostName: DESKTOP-LM7H92S, localIdentifier: 27_Jul_1920_DESKTOP_LM7H92S...}, goog:chromeOptions: {}, platformName: ANDROID}
Session ID: 7b7dc8f79d0bb73c4b98bc5070bad5a6f4f5f894
	at Tests.PCMBuyDetailPageTest.PcBuyDetailPage(PCMBuyDetailPageTest.java:46)

Topup(Tests.WithdrawalTest)  Time elapsed: 30.678 s  <<< FAILURE!
org.openqa.selenium.InvalidArgumentException: 
Coordinate [x=770.0, y=2120.0] is outside of element rect: [0,0][1080,2106]
Build info: version: '4.10.0', revision: 'c14d967899'
System info: os.name: 'Windows 10', os.arch: 'amd64', os.version: '10.0', java.version: '18.0.1.1'
Driver info: io.appium.java_client.android.AndroidDriver
Command: [05b977c59ae4e710162747d4ab5915ff8eb2a598, performTouchAction {actions=[{action=tap, options={x=770, y=2120}}]}]
Capabilities {appium:appActivity: com.sportiqoV2.MainActivity, appium:appPackage: com.sportiqoV2, appium:automationName: uiautomator2, appium:chromedriverExecutable: c:\chromedriver\chromedrive..., appium:chromedriverPort: 18082, appium:chromedriverPorts: [[18122, 18132]], appium:databaseEnabled: false, appium:desired: {appActivity: com.sportiqoV2.MainActivity, appPackage: com.sportiqoV2, automationName: uiautomator2, bstack:options: {appiumVersion: 1.17.0, buildIdentifier: #12, hostName: DESKTOP-LM7H92S, localIdentifier: 27_Jul_1920_DESKTOP_LM7H92S...}, chromedriverExecutable: c:\chromedriver\chromedrive..., chromedriverPort: 18082, chromedriverPorts: [[18122, 18132]], deviceName: one plus 9rt, disableSuppressAccessibilityService: true, goog:chromeOptions: {}, nativeWebScreenshot: true, newCommandTimeout: 0, noReset: true, platformName: Android, skipServerInstallation: true, systemPort: 8202, udid: R5CT238S5CP}, appium:deviceApiLevel: 31, appium:deviceManufacturer: samsung, appium:deviceModel: SM-S908E, appium:deviceName: R5CT238S5CP, appium:deviceScreenDensity: 450, appium:deviceScreenSize: 1080x2316, appium:deviceUDID: R5CT238S5CP, appium:disableSuppressAccessibilityService: true, appium:javascriptEnabled: true, appium:locationContextEnabled: false, appium:nativeWebScreenshot: true, appium:networkConnectionEnabled: true, appium:newCommandTimeout: 0, appium:noReset: true, appium:optimalHubUrl: hub-aps.browserstack.com, appium:pixelRatio: 2.8125, appium:platformVersion: 12, appium:skipServerInstallation: true, appium:statBarHeight: 75, appium:systemPort: 8202, appium:takesScreenshot: true, appium:udid: R5CT238S5CP, appium:viewportRect: {height: 2031, left: 0, top: 75, width: 1080}, appium:warnings: {}, appium:webStorageEnabled: false, bstack:options: {appiumVersion: 1.17.0, buildIdentifier: #12, hostName: DESKTOP-LM7H92S, localIdentifier: 27_Jul_1920_DESKTOP_LM7H92S...}, goog:chromeOptions: {}, platformName: ANDROID}
Session ID: 05b977c59ae4e710162747d4ab5915ff8eb2a598
	at Tests.WithdrawalTest.Topup(WithdrawalTest.java:45)

