<?xml version="1.0" encoding="UTF-8"?>
<testng-results ignored="0" total="6" passed="5" failed="1" skipped="0">
  <reporter-output>
  </reporter-output>
  <suite started-at="2023-08-31T17:52:16 IST" name="Suite" finished-at="2023-08-31T18:07:41 IST" duration-ms="925049">
    <groups>
    </groups>
    <test started-at="2023-08-31T17:52:16 IST" name="Test" finished-at="2023-08-31T18:07:41 IST" duration-ms="925049">
      <class name="Tests.payoutTest">
        <test-method is-config="true" signature="login()[pri:0, instance:Tests.payoutTest@5ddeb7cb]" started-at="2023-08-31T18:04:54 IST" name="login" finished-at="2023-08-31T18:05:02 IST" duration-ms="7394" status="PASS">
          <reporter-output>
          </reporter-output>
        </test-method> <!-- login -->
        <test-method signature="Withdraw()[pri:0, instance:Tests.payoutTest@5ddeb7cb]" started-at="2023-08-31T18:05:02 IST" name="Withdraw" finished-at="2023-08-31T18:07:31 IST" duration-ms="148801" status="FAIL">
          <exception class="java.lang.Exception">
            <message>
              <![CDATA[Withdraw failed,balance not matching withdrawAmount =0.0]]>
            </message>
            <full-stacktrace>
              <![CDATA[java.lang.Exception: Withdraw failed,balance not matching withdrawAmount =0.0
at PageObject.android.TopUpSPQ.Withdrawal(TopUpSPQ.java:383)
at Tests.payoutTest.Withdraw(payoutTest.java:30)
at java.base/jdk.internal.reflect.DirectMethodHandleAccessor.invoke(DirectMethodHandleAccessor.java:104)
at java.base/java.lang.reflect.Method.invoke(Method.java:577)
at org.testng.internal.MethodInvocationHelper.invokeMethod(MethodInvocationHelper.java:133)
at org.testng.internal.TestInvoker.invokeMethod(TestInvoker.java:598)
at org.testng.internal.TestInvoker.invokeTestMethod(TestInvoker.java:173)
at org.testng.internal.MethodRunner.runInSequence(MethodRunner.java:46)
at org.testng.internal.TestInvoker$MethodInvocationAgent.invoke(TestInvoker.java:824)
at org.testng.internal.TestInvoker.invokeTestMethods(TestInvoker.java:146)
at org.testng.internal.TestMethodWorker.invokeTestMethods(TestMethodWorker.java:146)
at org.testng.internal.TestMethodWorker.run(TestMethodWorker.java:128)
at java.base/java.util.ArrayList.forEach(ArrayList.java:1511)
at org.testng.TestRunner.privateRun(TestRunner.java:794)
at org.testng.TestRunner.run(TestRunner.java:596)
at org.testng.SuiteRunner.runTest(SuiteRunner.java:377)
at org.testng.SuiteRunner.runSequentially(SuiteRunner.java:371)
at org.testng.SuiteRunner.privateRun(SuiteRunner.java:332)
at org.testng.SuiteRunner.run(SuiteRunner.java:276)
at org.testng.SuiteRunnerWorker.runSuite(SuiteRunnerWorker.java:53)
at org.testng.SuiteRunnerWorker.run(SuiteRunnerWorker.java:96)
at org.testng.TestNG.runSuitesSequentially(TestNG.java:1212)
at org.testng.TestNG.runSuitesLocally(TestNG.java:1134)
at org.testng.TestNG.runSuites(TestNG.java:1063)
at org.testng.TestNG.run(TestNG.java:1031)
at org.testng.remote.AbstractRemoteTestNG.run(AbstractRemoteTestNG.java:115)
at org.testng.remote.RemoteTestNG.initAndRun(RemoteTestNG.java:251)
at org.testng.remote.RemoteTestNG.main(RemoteTestNG.java:77)
]]>
            </full-stacktrace>
          </exception> <!-- java.lang.Exception -->
          <reporter-output>
          </reporter-output>
        </test-method> <!-- Withdraw -->
        <test-method is-config="true" signature="driverQuit()[pri:0, instance:Tests.payoutTest@5ddeb7cb]" started-at="2023-08-31T18:07:41 IST" name="driverQuit" finished-at="2023-08-31T18:07:41 IST" duration-ms="0" status="PASS">
          <reporter-output>
          </reporter-output>
        </test-method> <!-- driverQuit -->
      </class> <!-- Tests.payoutTest -->
      <class name="Tests.PCMBuyDetailPageCashTest">
        <test-method is-config="true" signature="login()[pri:0, instance:Tests.PCMBuyDetailPageCashTest@3e08ff24]" started-at="2023-08-31T17:54:53 IST" name="login" finished-at="2023-08-31T17:55:00 IST" duration-ms="7512" status="PASS">
          <reporter-output>
          </reporter-output>
        </test-method> <!-- login -->
        <test-method signature="PcCashBuyDetailPage()[pri:0, instance:Tests.PCMBuyDetailPageCashTest@3e08ff24]" started-at="2023-08-31T17:55:00 IST" name="PcCashBuyDetailPage" finished-at="2023-08-31T17:56:49 IST" duration-ms="108989" status="PASS">
          <reporter-output>
          </reporter-output>
        </test-method> <!-- PcCashBuyDetailPage -->
        <test-method is-config="true" signature="driverQuit()[pri:0, instance:Tests.PCMBuyDetailPageCashTest@3e08ff24]" started-at="2023-08-31T17:56:49 IST" name="driverQuit" finished-at="2023-08-31T17:56:49 IST" duration-ms="1" status="PASS">
          <reporter-output>
          </reporter-output>
        </test-method> <!-- driverQuit -->
      </class> <!-- Tests.PCMBuyDetailPageCashTest -->
      <class name="Tests.PCMSellDetailPageBonusTest">
        <test-method is-config="true" signature="login()[pri:0, instance:Tests.PCMSellDetailPageBonusTest@4d1c005e]" started-at="2023-08-31T17:56:49 IST" name="login" finished-at="2023-08-31T17:56:57 IST" duration-ms="7327" status="PASS">
          <reporter-output>
          </reporter-output>
        </test-method> <!-- login -->
        <test-method signature="PcBonusSellDetailPage()[pri:0, instance:Tests.PCMSellDetailPageBonusTest@4d1c005e]" started-at="2023-08-31T17:56:57 IST" name="PcBonusSellDetailPage" finished-at="2023-08-31T17:58:26 IST" duration-ms="89227" status="PASS">
          <reporter-output>
          </reporter-output>
        </test-method> <!-- PcBonusSellDetailPage -->
        <test-method is-config="true" signature="driverQuit()[pri:0, instance:Tests.PCMSellDetailPageBonusTest@4d1c005e]" started-at="2023-08-31T17:58:26 IST" name="driverQuit" finished-at="2023-08-31T17:58:26 IST" duration-ms="1" status="PASS">
          <reporter-output>
          </reporter-output>
        </test-method> <!-- driverQuit -->
      </class> <!-- Tests.PCMSellDetailPageBonusTest -->
      <class name="Tests.AddMoneyTest">
        <test-method is-config="true" signature="login()[pri:0, instance:Tests.AddMoneyTest@24569dba]" started-at="2023-08-31T18:00:00 IST" name="login" finished-at="2023-08-31T18:00:08 IST" duration-ms="7341" status="PASS">
          <reporter-output>
          </reporter-output>
        </test-method> <!-- login -->
        <test-method signature="Topup()[pri:0, instance:Tests.AddMoneyTest@24569dba]" started-at="2023-08-31T18:00:08 IST" name="Topup" finished-at="2023-08-31T18:04:54 IST" duration-ms="286822" status="PASS">
          <reporter-output>
          </reporter-output>
        </test-method> <!-- Topup -->
        <test-method is-config="true" signature="driverQuit()[pri:0, instance:Tests.AddMoneyTest@24569dba]" started-at="2023-08-31T18:04:54 IST" name="driverQuit" finished-at="2023-08-31T18:04:54 IST" duration-ms="1" status="PASS">
          <reporter-output>
          </reporter-output>
        </test-method> <!-- driverQuit -->
      </class> <!-- Tests.AddMoneyTest -->
      <class name="Tests.PCMBuyDetailPageBonusTest">
        <test-method is-config="true" signature="login()[pri:0, instance:Tests.PCMBuyDetailPageBonusTest@5f049ea1]" started-at="2023-08-31T17:52:16 IST" name="login" finished-at="2023-08-31T17:52:44 IST" duration-ms="28307" status="PASS">
          <reporter-output>
          </reporter-output>
        </test-method> <!-- login -->
        <test-method signature="PcBonusBuyDetailPage()[pri:0, instance:Tests.PCMBuyDetailPageBonusTest@5f049ea1]" started-at="2023-08-31T17:52:44 IST" name="PcBonusBuyDetailPage" finished-at="2023-08-31T17:54:53 IST" duration-ms="129086" status="PASS">
          <reporter-output>
          </reporter-output>
        </test-method> <!-- PcBonusBuyDetailPage -->
        <test-method is-config="true" signature="driverQuit()[pri:0, instance:Tests.PCMBuyDetailPageBonusTest@5f049ea1]" started-at="2023-08-31T17:54:53 IST" name="driverQuit" finished-at="2023-08-31T17:54:53 IST" duration-ms="1" status="PASS">
          <reporter-output>
          </reporter-output>
        </test-method> <!-- driverQuit -->
      </class> <!-- Tests.PCMBuyDetailPageBonusTest -->
      <class name="Tests.PCMSellDetailPageCashTest">
        <test-method is-config="true" signature="login()[pri:0, instance:Tests.PCMSellDetailPageCashTest@8462f31]" started-at="2023-08-31T17:58:26 IST" name="login" finished-at="2023-08-31T17:58:33 IST" duration-ms="7452" status="PASS">
          <reporter-output>
          </reporter-output>
        </test-method> <!-- login -->
        <test-method signature="PcCashSellDetailPage()[pri:0, instance:Tests.PCMSellDetailPageCashTest@8462f31]" started-at="2023-08-31T17:58:33 IST" name="PcCashSellDetailPage" finished-at="2023-08-31T18:00:00 IST" duration-ms="86762" status="PASS">
          <reporter-output>
          </reporter-output>
        </test-method> <!-- PcCashSellDetailPage -->
        <test-method is-config="true" signature="driverQuit()[pri:0, instance:Tests.PCMSellDetailPageCashTest@8462f31]" started-at="2023-08-31T18:00:00 IST" name="driverQuit" finished-at="2023-08-31T18:00:00 IST" duration-ms="1" status="PASS">
          <reporter-output>
          </reporter-output>
        </test-method> <!-- driverQuit -->
      </class> <!-- Tests.PCMSellDetailPageCashTest -->
    </test> <!-- Test -->
  </suite> <!-- Suite -->
</testng-results>
